<?xml version="1.0" encoding="UTF-8"?>
<testng-results ignored="0" total="1" passed="1" failed="0" skipped="0">
  <reporter-output>
  </reporter-output>
  <suite started-at="2025-06-08T21:26:58 IST" name="Default suite" finished-at="2025-06-08T21:27:41 IST" duration-ms="42824">
    <groups>
    </groups>
    <test started-at="2025-06-08T21:26:58 IST" name="Default test" finished-at="2025-06-08T21:27:41 IST" duration-ms="42824">
      <class name="GridForParallellsystemExecution">
        <test-method signature="MyFirstGridProject()[pri:0, instance:GridForParallellsystemExecution@6e171cd7]" started-at="2025-06-08T21:26:58 IST" name="MyFirstGridProject" finished-at="2025-06-08T21:27:41 IST" duration-ms="42783" status="PASS">
          <reporter-output>
          </reporter-output>
        </test-method> <!-- MyFirstGridProject -->
      </class> <!-- GridForParallellsystemExecution -->
    </test> <!-- Default test -->
  </suite> <!-- Default suite -->
</testng-results>
