<?xml version="1.0" encoding="UTF-8"?>
<!-- Generated by org.testng.reporters.JUnitXMLReporter -->
<testsuite ignored="0" hostname="DESKTOP-VKGVKIF" failures="0" tests="2" name="End2EndProcessForOrder" time="57.895" errors="0" timestamp="2025-06-08T15:34:11 IST">
  <testcase classname="RahulShettyAcademy.Tests.StandAloneTest" name="StandAloneSubmitOrder" time="7.247"/>
  <testcase classname="RahulShettyAcademy.Tests.StandAloneTest" name="OrderHistory" time="4.884"/>
</testsuite> <!-- End2EndProcessForOrder -->
