<?xml version="1.0" encoding="UTF-8"?>
<testng-results ignored="0" total="1" passed="1" failed="0" skipped="0">
  <reporter-output>
  </reporter-output>
  <suite started-at="2025-05-31T14:18:21 IST" name="Default suite" finished-at="2025-05-31T14:18:32 IST" duration-ms="10220">
    <groups>
    </groups>
    <test started-at="2025-05-31T14:18:21 IST" name="Default test" finished-at="2025-05-31T14:18:32 IST" duration-ms="10220">
      <class name="TestAuotmationProjectForPractice.TestProjectSwagLabs.EndToEndFlow">
        <test-method signature="PurchaseProduct()[pri:0, instance:TestAuotmationProjectForPractice.TestProjectSwagLabs.EndToEndFlow@16293aa2]" started-at="2025-05-31T14:18:21 IST" name="PurchaseProduct" finished-at="2025-05-31T14:18:32 IST" duration-ms="10186" status="PASS">
          <reporter-output>
          </reporter-output>
        </test-method> <!-- PurchaseProduct -->
      </class> <!-- TestAuotmationProjectForPractice.TestProjectSwagLabs.EndToEndFlow -->
    </test> <!-- Default test -->
  </suite> <!-- Default suite -->
</testng-results>
