<?xml version="1.0" encoding="UTF-8"?>
<testng-results ignored="0" total="2" passed="0" failed="1" skipped="1">
  <reporter-output>
  </reporter-output>
  <suite started-at="2025-06-01T14:54:26 IST" name="Suite" finished-at="2025-06-01T14:54:44 IST" duration-ms="18246">
    <groups>
      <group name="Purchase">
        <method signature="StandAloneTest.StandAloneSubmitOrder(java.util.HashMap)[pri:0, instance:RahulShettyAcademy.Tests.StandAloneTest@4562e04d]" name="StandAloneSubmitOrder" class="RahulShettyAcademy.Tests.StandAloneTest"/>
      </group> <!-- Purchase -->
    </groups>
    <test started-at="2025-06-01T14:54:26 IST" name="End2EndProcessForOrder" finished-at="2025-06-01T14:54:44 IST" duration-ms="18246">
      <class name="RahulShettyAcademy.Tests.StandAloneTest">
        <test-method is-config="true" signature="LaunchApplication()[pri:0, instance:RahulShettyAcademy.Tests.StandAloneTest@4562e04d]" started-at="2025-06-01T14:54:27 IST" name="LaunchApplication" finished-at="2025-06-01T14:54:42 IST" duration-ms="15904" status="PASS">
          <reporter-output>
          </reporter-output>
        </test-method> <!-- LaunchApplication -->
        <test-method signature="StandAloneSubmitOrder(java.util.HashMap)[pri:0, instance:RahulShettyAcademy.Tests.StandAloneTest@4562e04d]" started-at="2025-06-01T14:54:42 IST" name="StandAloneSubmitOrder" data-provider="getData" finished-at="2025-06-01T14:54:44 IST" duration-ms="1382" status="FAIL">
          <params>
            <param index="0">
              <value>
                <![CDATA[{pwd=Chinmay@234, EmailID=CSK567@gmail.com, PName=ZARA COAT 3}]]>
              </value>
            </param>
          </params>
          <exception class="org.openqa.selenium.ElementClickInterceptedException">
            <message>
              <![CDATA[element click intercepted: Element is not clickable at point (383, 687)
  (Session info: chrome=137.0.7151.55)
Build info: version: '4.29.0', revision: '5fc1ec94cb'
System info: os.name: 'Windows 11', os.arch: 'amd64', os.version: '10.0', java.version: '21.0.7'
Driver info: org.openqa.selenium.chrome.ChromeDriver
Command: [1a193b8a6350c5d3c765c42fce96fbf5, clickElement {id=f.0C81F3379A043586BA15799725D8AF73.d.18FF202422512FAAFC786EB47EEE6F66.e.9}]
Capabilities {acceptInsecureCerts: false, browserName: chrome, browserVersion: 137.0.7151.55, chrome: {chromedriverVersion: 137.0.7151.55 (254bc711794d..., userDataDir: C:\Users\AKASHK~1\AppData\L...}, fedcm:accounts: true, goog:chromeOptions: {debuggerAddress: localhost:54277}, networkConnectionEnabled: false, pageLoadStrategy: normal, platformName: windows, proxy: Proxy(), se:cdp: ws://localhost:54277/devtoo..., se:cdpVersion: 137.0.7151.55, setWindowRect: true, strictFileInteractability: false, timeouts: {implicit: 0, pageLoad: 300000, script: 30000}, unhandledPromptBehavior: dismiss and notify, webauthn:extension:credBlob: true, webauthn:extension:largeBlob: true, webauthn:extension:minPinLength: true, webauthn:extension:prf: true, webauthn:virtualAuthenticators: true}
Element: [[ChromeDriver: chrome on windows (1a193b8a6350c5d3c765c42fce96fbf5)] -> id: login]
Session ID: 1a193b8a6350c5d3c765c42fce96fbf5]]>
            </message>
            <full-stacktrace>
              <![CDATA[org.openqa.selenium.ElementClickInterceptedException: element click intercepted: Element is not clickable at point (383, 687)
  (Session info: chrome=137.0.7151.55)
Build info: version: '4.29.0', revision: '5fc1ec94cb'
System info: os.name: 'Windows 11', os.arch: 'amd64', os.version: '10.0', java.version: '21.0.7'
Driver info: org.openqa.selenium.chrome.ChromeDriver
Command: [1a193b8a6350c5d3c765c42fce96fbf5, clickElement {id=f.0C81F3379A043586BA15799725D8AF73.d.18FF202422512FAAFC786EB47EEE6F66.e.9}]
Capabilities {acceptInsecureCerts: false, browserName: chrome, browserVersion: 137.0.7151.55, chrome: {chromedriverVersion: 137.0.7151.55 (254bc711794d..., userDataDir: C:\Users\AKASHK~1\AppData\L...}, fedcm:accounts: true, goog:chromeOptions: {debuggerAddress: localhost:54277}, networkConnectionEnabled: false, pageLoadStrategy: normal, platformName: windows, proxy: Proxy(), se:cdp: ws://localhost:54277/devtoo..., se:cdpVersion: 137.0.7151.55, setWindowRect: true, strictFileInteractability: false, timeouts: {implicit: 0, pageLoad: 300000, script: 30000}, unhandledPromptBehavior: dismiss and notify, webauthn:extension:credBlob: true, webauthn:extension:largeBlob: true, webauthn:extension:minPinLength: true, webauthn:extension:prf: true, webauthn:virtualAuthenticators: true}
Element: [[ChromeDriver: chrome on windows (1a193b8a6350c5d3c765c42fce96fbf5)] -> id: login]
Session ID: 1a193b8a6350c5d3c765c42fce96fbf5
at java.base/jdk.internal.reflect.DirectConstructorHandleAccessor.newInstance(DirectConstructorHandleAccessor.java:62)
at java.base/java.lang.reflect.Constructor.newInstanceWithCaller(Constructor.java:502)
at java.base/java.lang.reflect.Constructor.newInstance(Constructor.java:486)
at org.openqa.selenium.remote.ErrorCodec.decode(ErrorCodec.java:167)
at org.openqa.selenium.remote.codec.w3c.W3CHttpResponseCodec.decode(W3CHttpResponseCodec.java:138)
at org.openqa.selenium.remote.codec.w3c.W3CHttpResponseCodec.decode(W3CHttpResponseCodec.java:50)
at org.openqa.selenium.remote.HttpCommandExecutor.execute(HttpCommandExecutor.java:215)
at org.openqa.selenium.remote.service.DriverCommandExecutor.invokeExecute(DriverCommandExecutor.java:216)
at org.openqa.selenium.remote.service.DriverCommandExecutor.execute(DriverCommandExecutor.java:174)
at org.openqa.selenium.remote.RemoteWebDriver.execute(RemoteWebDriver.java:545)
at org.openqa.selenium.remote.RemoteWebElement.execute(RemoteWebElement.java:223)
at org.openqa.selenium.remote.RemoteWebElement.click(RemoteWebElement.java:76)
at java.base/jdk.internal.reflect.DirectMethodHandleAccessor.invoke(DirectMethodHandleAccessor.java:103)
at java.base/java.lang.reflect.Method.invoke(Method.java:580)
at org.openqa.selenium.support.pagefactory.internal.LocatingElementHandler.invoke(LocatingElementHandler.java:51)
at jdk.proxy2/jdk.proxy2.$Proxy11.click(Unknown Source)
at RahulShettyAcademy.PageObjectModelAndFactory.LandingPage.Action(LandingPage.java:44)
at RahulShettyAcademy.Tests.StandAloneTest.StandAloneSubmitOrder(StandAloneTest.java:48)
at java.base/jdk.internal.reflect.DirectMethodHandleAccessor.invoke(DirectMethodHandleAccessor.java:103)
at java.base/java.lang.reflect.Method.invoke(Method.java:580)
at org.testng.internal.invokers.MethodInvocationHelper.invokeMethod(MethodInvocationHelper.java:141)
at org.testng.internal.invokers.TestInvoker.invokeMethod(TestInvoker.java:687)
at org.testng.internal.invokers.TestInvoker.invokeTestMethod(TestInvoker.java:230)
at org.testng.internal.invokers.MethodRunner.runInSequence(MethodRunner.java:63)
at org.testng.internal.invokers.TestInvoker$MethodInvocationAgent.invoke(TestInvoker.java:995)
at org.testng.internal.invokers.TestInvoker.invokeTestMethods(TestInvoker.java:203)
at org.testng.internal.invokers.TestMethodWorker.invokeTestMethods(TestMethodWorker.java:154)
at org.testng.internal.invokers.TestMethodWorker.run(TestMethodWorker.java:134)
at java.base/java.util.ArrayList.forEach(ArrayList.java:1596)
at org.testng.TestRunner.privateRun(TestRunner.java:741)
at org.testng.TestRunner.run(TestRunner.java:616)
at org.testng.SuiteRunner.runTest(SuiteRunner.java:421)
at org.testng.SuiteRunner$SuiteWorker.run(SuiteRunner.java:463)
at org.testng.internal.thread.ThreadUtil.lambda$execute$0(ThreadUtil.java:64)
at java.base/java.util.concurrent.FutureTask.run(FutureTask.java:317)
at java.base/java.util.concurrent.ThreadPoolExecutor.runWorker(ThreadPoolExecutor.java:1144)
at java.base/java.util.concurrent.ThreadPoolExecutor$Worker.run(ThreadPoolExecutor.java:642)
at java.base/java.lang.Thread.run(Thread.java:1583)
]]>
            </full-stacktrace>
          </exception> <!-- org.openqa.selenium.ElementClickInterceptedException -->
          <reporter-output>
          </reporter-output>
        </test-method> <!-- StandAloneSubmitOrder -->
        <test-method is-config="true" signature="CloseBrowser()[pri:0, instance:RahulShettyAcademy.Tests.StandAloneTest@4562e04d]" started-at="2025-06-01T14:54:44 IST" name="CloseBrowser" finished-at="2025-06-01T14:54:44 IST" duration-ms="650" status="PASS">
          <reporter-output>
          </reporter-output>
        </test-method> <!-- CloseBrowser -->
        <test-method signature="OrderHistory()[pri:0, instance:RahulShettyAcademy.Tests.StandAloneTest@4562e04d]" started-at="2025-06-01T14:54:44 IST" name="OrderHistory" finished-at="2025-06-01T14:54:44 IST" depends-on-methods="RahulShettyAcademy.Tests.StandAloneTest.StandAloneSubmitOrder" duration-ms="0" status="SKIP">
          <exception class="java.lang.Throwable">
            <message>
              <![CDATA[Method RahulShettyAcademy.Tests.StandAloneTest.OrderHistory() on instance RahulShettyAcademy.Tests.StandAloneTest@4562e04d depends on not successfully finished methods 
[RahulShettyAcademy.Tests.StandAloneTest.StandAloneSubmitOrder() on instance RahulShettyAcademy.Tests.StandAloneTest@4562e04d]]]>
            </message>
            <full-stacktrace>
              <![CDATA[java.lang.Throwable: Method RahulShettyAcademy.Tests.StandAloneTest.OrderHistory() on instance RahulShettyAcademy.Tests.StandAloneTest@4562e04d depends on not successfully finished methods 
[RahulShettyAcademy.Tests.StandAloneTest.StandAloneSubmitOrder() on instance RahulShettyAcademy.Tests.StandAloneTest@4562e04d]
at org.testng.internal.invokers.TestInvoker.invokeTestMethods(TestInvoker.java:159)
at org.testng.internal.invokers.TestMethodWorker.invokeTestMethods(TestMethodWorker.java:154)
at org.testng.internal.invokers.TestMethodWorker.run(TestMethodWorker.java:134)
at java.base/java.util.ArrayList.forEach(ArrayList.java:1596)
at org.testng.TestRunner.privateRun(TestRunner.java:741)
at org.testng.TestRunner.run(TestRunner.java:616)
at org.testng.SuiteRunner.runTest(SuiteRunner.java:421)
at org.testng.SuiteRunner$SuiteWorker.run(SuiteRunner.java:463)
at org.testng.internal.thread.ThreadUtil.lambda$execute$0(ThreadUtil.java:64)
at java.base/java.util.concurrent.FutureTask.run(FutureTask.java:317)
at java.base/java.util.concurrent.ThreadPoolExecutor.runWorker(ThreadPoolExecutor.java:1144)
at java.base/java.util.concurrent.ThreadPoolExecutor$Worker.run(ThreadPoolExecutor.java:642)
at java.base/java.lang.Thread.run(Thread.java:1583)
]]>
            </full-stacktrace>
          </exception> <!-- java.lang.Throwable -->
          <reporter-output>
          </reporter-output>
        </test-method> <!-- OrderHistory -->
      </class> <!-- RahulShettyAcademy.Tests.StandAloneTest -->
    </test> <!-- End2EndProcessForOrder -->
  </suite> <!-- Suite -->
</testng-results>
