<?xml version="1.0" encoding="UTF-8"?>
<testng-results ignored="0" total="2" passed="2" failed="0" skipped="0">
  <reporter-output>
  </reporter-output>
  <suite started-at="2025-06-08T15:33:13 IST" name="Suite" finished-at="2025-06-08T15:34:11 IST" duration-ms="57895">
    <groups>
      <group name="Purchase">
        <method signature="StandAloneTest.StandAloneSubmitOrder(java.util.HashMap)[pri:0, instance:RahulShettyAcademy.Tests.StandAloneTest@4562e04d]" name="StandAloneSubmitOrder" class="RahulShettyAcademy.Tests.StandAloneTest"/>
      </group> <!-- Purchase -->
    </groups>
    <test started-at="2025-06-08T15:33:13 IST" name="End2EndProcessForOrder" finished-at="2025-06-08T15:34:11 IST" duration-ms="57895">
      <class name="RahulShettyAcademy.Tests.StandAloneTest">
        <test-method is-config="true" signature="LaunchApplication()[pri:0, instance:RahulShettyAcademy.Tests.StandAloneTest@4562e04d]" started-at="2025-06-08T15:33:14 IST" name="LaunchApplication" finished-at="2025-06-08T15:33:45 IST" duration-ms="31796" status="PASS">
          <reporter-output>
          </reporter-output>
        </test-method> <!-- LaunchApplication -->
        <test-method signature="StandAloneSubmitOrder(java.util.HashMap)[pri:0, instance:RahulShettyAcademy.Tests.StandAloneTest@4562e04d]" started-at="2025-06-08T15:33:45 IST" name="StandAloneSubmitOrder" data-provider="getData" finished-at="2025-06-08T15:33:53 IST" duration-ms="7247" status="PASS">
          <params>
            <param index="0">
              <value>
                <![CDATA[{pwd=Chinmay@234, EmailID=CSK567@gmail.com, PName=ZARA COAT 3}]]>
              </value>
            </param>
          </params>
          <reporter-output>
          </reporter-output>
        </test-method> <!-- StandAloneSubmitOrder -->
        <test-method is-config="true" signature="CloseBrowser()[pri:0, instance:RahulShettyAcademy.Tests.StandAloneTest@4562e04d]" started-at="2025-06-08T15:33:53 IST" name="CloseBrowser" finished-at="2025-06-08T15:33:53 IST" duration-ms="834" status="PASS">
          <reporter-output>
          </reporter-output>
        </test-method> <!-- CloseBrowser -->
        <test-method is-config="true" signature="LaunchApplication()[pri:0, instance:RahulShettyAcademy.Tests.StandAloneTest@4562e04d]" started-at="2025-06-08T15:33:53 IST" name="LaunchApplication" finished-at="2025-06-08T15:34:06 IST" duration-ms="12343" status="PASS">
          <reporter-output>
          </reporter-output>
        </test-method> <!-- LaunchApplication -->
        <test-method signature="OrderHistory()[pri:0, instance:RahulShettyAcademy.Tests.StandAloneTest@4562e04d]" started-at="2025-06-08T15:34:06 IST" name="OrderHistory" finished-at="2025-06-08T15:34:11 IST" depends-on-methods="RahulShettyAcademy.Tests.StandAloneTest.StandAloneSubmitOrder" duration-ms="4884" status="PASS">
          <reporter-output>
          </reporter-output>
        </test-method> <!-- OrderHistory -->
        <test-method is-config="true" signature="CloseBrowser()[pri:0, instance:RahulShettyAcademy.Tests.StandAloneTest@4562e04d]" started-at="2025-06-08T15:34:11 IST" name="CloseBrowser" finished-at="2025-06-08T15:34:11 IST" duration-ms="296" status="PASS">
          <reporter-output>
          </reporter-output>
        </test-method> <!-- CloseBrowser -->
      </class> <!-- RahulShettyAcademy.Tests.StandAloneTest -->
    </test> <!-- End2EndProcessForOrder -->
  </suite> <!-- Suite -->
</testng-results>
