<?xml version="1.0" encoding="UTF-8"?>
<!-- Generated by org.testng.reporters.JUnitXMLReporter -->
<testsuite ignored="0" hostname="DESKTOP-VKGVKIF" failures="0" tests="6" name="ok" time="0.053" errors="0" timestamp="2025-02-25T13:44:17 IST">
  <testcase classname="section16FWTestNGAnnotation.Test3" name="MobilePersonalLoan" time="0.003"/>
  <testcase classname="section16FWTestNGAnnotation.Test3" name="TabPersonalLoan" time="0.005"/>
  <testcase classname="section16FWTestNGAnnotation.Test3" name="WebPersonalLoan" time="0.001"/>
  <testcase classname="section16FWTestNGAnnotation.Test1" name="MobileCarLoan" time="0.002"/>
  <testcase classname="section16FWTestNGAnnotation.Test1" name="TabCarLoan" time="0.002"/>
  <testcase classname="section16FWTestNGAnnotation.Test1" name="WebCarLoan" time="0.002"/>
</testsuite> <!-- ok -->
