<?xml version="1.0" encoding="UTF-8"?>
<!-- Generated by org.testng.reporters.JUnitXMLReporter -->
<testsuite ignored="0" hostname="DESKTOP-VKGVKIF" failures="0" tests="7" name="PersonalLoan" time="0.104" errors="0" timestamp="2025-02-25T18:22:51 IST">
  <testcase classname="section16FW1TestNGParameterizing.Class1" name="abc" time="0.018"/>
  <testcase classname="section16FW1TestNGParameterizing.Class1" name="pqr" time="0.007"/>
  <testcase classname="section16FW1TestNGParameterizing.Class1" name="xyz" time="0.002"/>
  <testcase classname="section16FW1TestNGParameterizing.Class2" name="def" time="0.002"/>
  <testcase classname="section16FW1TestNGParameterizing.Class2" name="ghi" time="0.003"/>
  <testcase classname="section16FW1TestNGParameterizing.Class2" name="lmn" time="0.002"/>
  <testcase classname="section16FW1TestNGParameterizing.Class2" name="myfirsttesttngtest" time="0.002"/>
</testsuite> <!-- PersonalLoan -->
