<?xml version="1.0" encoding="UTF-8"?>
<!-- Generated by org.testng.reporters.JUnitXMLReporter -->
<testsuite ignored="0" hostname="DESKTOP-VKGVKIF" failures="0" tests="4" name="Test2" time="0.039" errors="0" timestamp="2025-02-27T18:40:57 IST">
  <testcase classname="section16FW1TestNGParameterizing.Class2" name="def" time="0.003"/>
  <testcase classname="section16FW1TestNGParameterizing.Class2" name="ghi" time="0.005"/>
  <testcase classname="section16FW1TestNGParameterizing.Class2" name="lmn" time="0.004"/>
  <testcase classname="section16FW1TestNGParameterizing.Class2" name="myfirsttesttngtest" time="0.003"/>
</testsuite> <!-- Test2 -->
