<?xml version="1.0" encoding="UTF-8"?>
<!-- Generated by org.testng.reporters.JUnitXMLReporter -->
<testsuite ignored="0" hostname="DESKTOP-VKGVKIF" failures="1" tests="1" name="Test3" time="0.026" errors="0" timestamp="2025-02-27T18:40:57 IST">
  <testcase classname="section16FW1TestNGParameterizing.DataProvider1" name="testDataProvider" time="0.007">
    <failure type="org.testng.internal.reflect.MethodMatcherException" message="
[public void section16FW1TestNGParameterizing.DataProvider1.testDataProvider(java.lang.String,java.lang.String)] has no parameters defined but was found to be using a data provider (either explicitly specified or inherited from class level annotation).
Data provider mismatch
Method: testDataProvider([Parameter{index=0, type=java.lang.String, declaredAnnotations=[]}, Parameter{index=1, type=java.lang.String, declaredAnnotations=[]}])
Arguments: [(java.lang.String) Valid Name,(java.lang.String) Inavlid Name,(java.lang.String) Blank Name,(java.lang.String) Net off Name]">
      <![CDATA[org.testng.internal.reflect.MethodMatcherException: 
[public void section16FW1TestNGParameterizing.DataProvider1.testDataProvider(java.lang.String,java.lang.String)] has no parameters defined but was found to be using a data provider (either explicitly specified or inherited from class level annotation).
Data provider mismatch
Method: testDataProvider([Parameter{index=0, type=java.lang.String, declaredAnnotations=[]}, Parameter{index=1, type=java.lang.String, declaredAnnotations=[]}])
Arguments: [(java.lang.String) Valid Name,(java.lang.String) Inavlid Name,(java.lang.String) Blank Name,(java.lang.String) Net off Name]
at java.base/java.util.ArrayList.forEach(ArrayList.java:1597)
... Removed 22 stack frames]]>
    </failure>
  </testcase> <!-- testDataProvider -->
</testsuite> <!-- Test3 -->
