<?xml version="1.0" encoding="UTF-8"?>
<testng-results ignored="0" total="1" passed="1" failed="0" skipped="0">
  <reporter-output>
  </reporter-output>
  <suite started-at="2025-05-24T20:59:36 IST" name="Default suite" finished-at="2025-05-24T20:59:57 IST" duration-ms="21187">
    <groups>
    </groups>
    <test started-at="2025-05-24T20:59:36 IST" name="Default test" finished-at="2025-05-24T20:59:57 IST" duration-ms="21187">
      <class name="RahulShettyAcademy.ExtentReports.ExtentReportDemo">
        <test-method is-config="true" signature="config()[pri:0, instance:RahulShettyAcademy.ExtentReports.ExtentReportDemo@1283bb96]" started-at="2025-05-24T20:59:36 IST" name="config" finished-at="2025-05-24T20:59:36 IST" duration-ms="317" status="PASS">
          <reporter-output>
          </reporter-output>
        </test-method> <!-- config -->
        <test-method signature="test()[pri:0, instance:RahulShettyAcademy.ExtentReports.ExtentReportDemo@1283bb96]" started-at="2025-05-24T20:59:36 IST" name="test" finished-at="2025-05-24T20:59:57 IST" duration-ms="20825" status="PASS">
          <reporter-output>
          </reporter-output>
        </test-method> <!-- test -->
      </class> <!-- RahulShettyAcademy.ExtentReports.ExtentReportDemo -->
    </test> <!-- Default test -->
  </suite> <!-- Default suite -->
</testng-results>
