<?xml version="1.0" encoding="UTF-8"?>
<!-- Generated by org.testng.reporters.JUnitXMLReporter -->
<testsuite ignored="0" hostname="DESKTOP-VKGVKIF" failures="0" tests="3" name="Test" time="0.076" errors="0" timestamp="2025-02-24T12:55:03 IST">
  <testcase classname="Section16FW1TestNG.TestNGBasics" name="myfirsttesttngtest" time="0.015"/>
  <testcase classname="Section16FW1TestNG.TestNGBasics" name="test" time="0.002"/>
  <testcase classname="Section16FW1TestNG.TestTestNGBasics" name="testClass" time="0.003"/>
</testsuite> <!-- Test -->
