<?xml version="1.0" encoding="UTF-8"?>
<!-- Generated by org.testng.reporters.JUnitXMLReporter -->
<testsuite ignored="0" hostname="DESKTOP-VKGVKIF" failures="0" tests="2" name="End2EndProcessForOrder" time="24.453" errors="0" timestamp="2025-05-31T19:59:40 IST">
  <testcase classname="RahulShettyAcademy.Tests.StandAloneTest" name="StandAloneSubmitOrder" time="3.727"/>
  <testcase classname="RahulShettyAcademy.Tests.StandAloneTest" name="OrderHistory" time="0.845"/>
</testsuite> <!-- End2EndProcessForOrder -->
